<?xml version="1.0" encoding="UTF-8"?>
<!-- Generated by org.testng.reporters.JUnitReportReporter -->
<testsuite hostname="DESKTOP-RQDV8HS" failures="0" tests="1" name="qaTraining.GetAllEmployee" time="1.366" errors="0" timestamp="2022-12-02T20:53:07 IST" skipped="0">
  <testcase classname="qaTraining.GetAllEmployee" name="getAllEmployee" time="1.366"/>
  <system-out/>
</testsuite> <!-- qaTraining.GetAllEmployee -->
