<?xml version="1.0" encoding="UTF-8"?>
<!-- Generated by org.testng.reporters.JUnitReportReporter -->
<testsuite hostname="DESKTOP-RQDV8HS" failures="0" tests="1" name="qaTraining.DeleteEmployee" time="1.417" errors="0" timestamp="2022-12-02T21:12:02 IST" skipped="0">
  <testcase classname="qaTraining.DeleteEmployee" name="deleteemp" time="1.417"/>
  <system-out/>
</testsuite> <!-- qaTraining.DeleteEmployee -->
