<?xml version="1.0" encoding="UTF-8"?>
<!-- Generated by org.testng.reporters.JUnitReportReporter -->
<testsuite hostname="DESKTOP-RQDV8HS" failures="0" tests="1" name="gpdAPITest.GPDPage" time="2.653" errors="0" timestamp="2022-12-02T18:21:25 IST" skipped="0">
  <testcase classname="gpdAPITest.GPDPage" name="GET_Request" time="2.653"/>
  <system-out/>
</testsuite> <!-- gpdAPITest.GPDPage -->
