<?xml version="1.0" encoding="UTF-8"?>
<!-- Generated by org.testng.reporters.JUnitReportReporter -->
<testsuite hostname="DESKTOP-RQDV8HS" failures="0" tests="1" name="qaTraining.POSTEmployee" time="1.413" errors="0" timestamp="2022-12-02T20:57:11 IST" skipped="0">
  <testcase classname="qaTraining.POSTEmployee" name="postemployee" time="1.413"/>
  <system-out/>
</testsuite> <!-- qaTraining.POSTEmployee -->
