<?xml version="1.0" encoding="UTF-8"?>
<!-- Generated by org.testng.reporters.JUnitReportReporter -->
<testsuite hostname="LP-5CD9296DDF" failures="0" tests="1" name="script.TC1" time="72.382" errors="0" timestamp="2022-07-20T03:31:56 IST" skipped="0">
  <testcase classname="script.TC1" name="XeroxWebPosting" time="72.382"/>
  <system-out/>
</testsuite> <!-- script.TC1 -->
