<?xml version="1.0" encoding="UTF-8"?>
<!-- Generated by org.testng.reporters.JUnitReportReporter -->
<testsuite hostname="LP-5CD9296DDF" failures="0" tests="1" name="script.TC0_PSExeution" time="58.355" errors="0" timestamp="2022-07-20T15:49:08 IST" skipped="0">
  <testcase classname="script.TC0_PSExeution" name="XeroxWebPosting" time="58.355"/>
  <system-out/>
</testsuite> <!-- script.TC0_PSExeution -->
