<?xml version="1.0" encoding="UTF-8"?>
<!-- Generated by org.testng.reporters.JUnitReportReporter -->
<testsuite hostname="LP-5CD9296DDF" failures="0" tests="1" name="commonConfig.NewTest" time="0.011" errors="0" timestamp="2022-07-17T17:33:40 IST" skipped="0">
  <testcase classname="commonConfig.NewTest" name="f" time="0.011"/>
  <system-out/>
</testsuite> <!-- commonConfig.NewTest -->
