<?xml version="1.0" encoding="UTF-8"?>
<!-- Generated by org.testng.reporters.JUnitReportReporter -->
<testsuite hostname="DESKTOP-RQDV8HS" failures="0" tests="1" name="testCases.TC1_PS_X86_Exeution" time="81.310" errors="0" timestamp="2022-12-10T22:12:47 IST" skipped="0">
  <testcase classname="testCases.TC1_PS_X86_Exeution" name="PSDriver_X86_PlatformExecution" time="81.310"/>
  <system-out/>
</testsuite> <!-- testCases.TC1_PS_X86_Exeution -->
