<?xml version="1.0" encoding="UTF-8"?>
<!-- Generated by org.testng.reporters.JUnitReportReporter -->
<testsuite hostname="LP-5CD9296DDF" failures="0" tests="1" name="script.TC0_PS_X86_Exeution" time="63.519" errors="0" timestamp="2022-07-21T18:06:05 IST" skipped="0">
  <testcase classname="script.TC0_PS_X86_Exeution" name="PSDriver_X86_PlatformExecution" time="63.519"/>
  <system-out/>
</testsuite> <!-- script.TC0_PS_X86_Exeution -->
