<?xml version="1.0" encoding="UTF-8"?>
<!-- Generated by org.testng.reporters.JUnitReportReporter -->
<testsuite hostname="DESKTOP-RQDV8HS" failures="0" tests="1" name="testCases.TC0_PS_X64_Exeution" time="52.560" errors="0" timestamp="2022-11-21T00:43:25 IST" skipped="0">
  <testcase classname="testCases.TC0_PS_X64_Exeution" name="PSDriver_X64_PlatformExecution" time="52.560"/>
  <system-out/>
</testsuite> <!-- testCases.TC0_PS_X64_Exeution -->
