<?xml version="1.0" encoding="UTF-8"?>
<!-- Generated by org.testng.reporters.JUnitReportReporter -->
<testsuite hostname="DESKTOP-RQDV8HS" failures="0" tests="2" name="testNG.ParallelTestingExample" time="43.860" errors="0" timestamp="2022-12-10T15:16:47 IST" skipped="0">
  <testcase classname="testNG.ParallelTestingExample" name="openGoogle" time="23.750"/>
  <system-out/>
  <testcase classname="testNG.ParallelTestingExample" name="openBing" time="20.110"/>
  <system-out/>
</testsuite> <!-- testNG.ParallelTestingExample -->
