<?xml version="1.0" encoding="UTF-8"?>
<!-- Generated by org.testng.reporters.JUnitReportReporter -->
<testsuite hostname="DESKTOP-RQDV8HS" failures="0" tests="2" name="testNG.AnnotationExample" time="0.008" errors="0" timestamp="2022-12-10T15:46:41 IST" skipped="0">
  <testcase classname="testNG.AnnotationExample" name="test" time="0.006"/>
  <system-out/>
  <testcase classname="testNG.AnnotationExample" name="test1" time="0.002"/>
  <system-out/>
</testsuite> <!-- testNG.AnnotationExample -->
