<?xml version="1.0" encoding="UTF-8"?>
<!-- Generated by org.testng.reporters.JUnitReportReporter -->
<testsuite hostname="DESKTOP-RQDV8HS" failures="0" tests="6" name="testNG.DriveACar" time="0.005" errors="0" timestamp="2022-12-10T14:04:35 IST" skipped="0">
  <testcase classname="testNG.DriveACar" name="putFirstGear" time="0.001"/>
  <system-out/>
  <testcase classname="testNG.DriveACar" name="startCar" time="0.001"/>
  <system-out/>
  <testcase classname="testNG.DriveACar" name="putSecondGear" time="0.001"/>
  <system-out/>
  <testcase classname="testNG.DriveACar" name="putThirdGear" time="0.001"/>
  <system-out/>
  <testcase classname="testNG.DriveACar" name="putfourthgear" time="0.000"/>
  <system-out/>
  <testcase classname="testNG.DriveACar" name="putfifthgear" time="0.001"/>
  <system-out/>
</testsuite> <!-- testNG.DriveACar -->
