<?xml version="1.0" encoding="UTF-8"?>
<!-- Generated by org.testng.reporters.JUnitReportReporter -->
<testsuite hostname="DESKTOP-RQDV8HS" failures="0" tests="3" name="testNG.TestSuite" time="8.680" errors="0" timestamp="2022-12-10T14:04:35 IST" skipped="0">
  <testcase classname="testNG.TestSuite" name="openYahoo" time="3.193"/>
  <system-out/>
  <testcase classname="testNG.TestSuite" name="openGoogle" time="4.129"/>
  <system-out/>
  <testcase classname="testNG.TestSuite" name="openBing" time="1.358"/>
  <system-out/>
</testsuite> <!-- testNG.TestSuite -->
