<?xml version="1.0" encoding="UTF-8"?>
<!-- Generated by org.testng.reporters.JUnitReportReporter -->
<testsuite hostname="DESKTOP-RQDV8HS" failures="0" tests="6" name="testNG.SkipTC" time="0.007" errors="0" timestamp="2022-12-10T14:04:35 IST" skipped="1">
  <testcase classname="testNG.SkipTC" name="startCar" time="0.001"/>
  <system-out/>
  <testcase classname="testNG.SkipTC" name="putFirstGear" time="0.002"/>
  <system-out/>
  <testcase classname="testNG.SkipTC" name="putSecondGear" time="0.001"/>
  <system-out/>
  <testcase classname="testNG.SkipTC" name="putThirdGear" time="0.001"/>
  <system-out/>
  <testcase classname="testNG.SkipTC" name="putfourthgear" time="0.002"/>
  <system-out/>
  <testcase classname="testNG.SkipTC" name="MusicON">
    <skipped/>
  </testcase> <!-- MusicON -->
  <system-out/>
</testsuite> <!-- testNG.SkipTC -->
