<?xml version="1.0" encoding="UTF-8"?>
<!-- Generated by org.testng.reporters.JUnitReportReporter -->
<testsuite hostname="DESKTOP-RQDV8HS" failures="0" tests="4" name="testNG.GroupingExample" time="0.015" errors="0" timestamp="2022-12-10T14:59:14 IST" skipped="0">
  <testcase classname="testNG.GroupingExample" name="moto2" time="0.002"/>
  <system-out/>
  <testcase classname="testNG.GroupingExample" name="moto1" time="0.009"/>
  <system-out/>
  <testcase classname="testNG.GroupingExample" name="vovo1" time="0.002"/>
  <system-out/>
  <testcase classname="testNG.GroupingExample" name="vovo2" time="0.002"/>
  <system-out/>
</testsuite> <!-- testNG.GroupingExample -->
