<?xml version="1.0" encoding="UTF-8"?>
<!-- Generated by org.testng.reporters.JUnitReportReporter -->
<testsuite hostname="DESKTOP-RQDV8HS" failures="0" tests="3" name="testNG.DepandsONMethod" time="0.005" errors="0" timestamp="2022-12-10T14:04:35 IST" skipped="0">
  <testcase classname="testNG.DepandsONMethod" name="HighSchool" time="0.001"/>
  <system-out/>
  <testcase classname="testNG.DepandsONMethod" name="College" time="0.002"/>
  <system-out/>
  <testcase classname="testNG.DepandsONMethod" name="SecondarySchool" time="0.002"/>
  <system-out/>
</testsuite> <!-- testNG.DepandsONMethod -->
