<?xml version="1.0" encoding="UTF-8"?>
<!-- Generated by org.testng.reporters.JUnitReportReporter -->
<testsuite hostname="DESKTOP-RQDV8HS" failures="0" tests="1" name="testNG.Parameter" time="0.011" errors="0" timestamp="2022-12-10T15:57:13 IST" skipped="0">
  <testcase classname="testNG.Parameter" name="parameter" time="0.011"/>
  <system-out/>
</testsuite> <!-- testNG.Parameter -->
