<?xml version="1.0" encoding="UTF-8"?>
<!-- Generated by org.testng.reporters.JUnitReportReporter -->
<testsuite hostname="DESKTOP-RQDV8HS" failures="0" tests="4" name="loginTestCases.LoginPage" time="5.975" errors="0" timestamp="2022-12-10T20:32:45 IST" skipped="0">
  <testcase classname="loginTestCases.LoginPage" name="Login" time="1.785"/>
  <system-out/>
  <testcase classname="loginTestCases.LoginPage" name="Login" time="1.724"/>
  <system-out/>
  <testcase classname="loginTestCases.LoginPage" name="Login" time="0.937"/>
  <system-out/>
  <testcase classname="loginTestCases.LoginPage" name="Login" time="1.529"/>
  <system-out/>
</testsuite> <!-- loginTestCases.LoginPage -->
