<?xml version="1.0" encoding="UTF-8"?>
<!-- Generated by org.testng.reporters.JUnitReportReporter -->
<testsuite hostname="DESKTOP-RQDV8HS" failures="0" tests="1" name="testNG.Sample" time="0.010" errors="0" timestamp="2022-12-10T16:16:15 IST" skipped="0">
  <testcase classname="testNG.Sample" name="firstTC" time="0.010"/>
  <system-out/>
</testsuite> <!-- testNG.Sample -->
